Determining if the pthread_create exist failed with the following output:
Change Dir: /home/intigpu/DroneRL/gymfc/gymfc/envs/assets/gazebo/plugins/build/CMakeFiles/CMakeTmp

Run Build Command:"/usr/bin/make" "cmTC_ecb6e/fast"
/usr/bin/make -f CMakeFiles/cmTC_ecb6e.dir/build.make CMakeFiles/cmTC_ecb6e.dir/build
make[1]: Entering directory '/home/intigpu/DroneRL/gymfc/gymfc/envs/assets/gazebo/plugins/build/CMakeFiles/CMakeTmp'
Building C object CMakeFiles/cmTC_ecb6e.dir/CheckSymbolExists.c.o
/usr/lib/ccache/cc    -o CMakeFiles/cmTC_ecb6e.dir/CheckSymbolExists.c.o   -c /home/intigpu/DroneRL/gymfc/gymfc/envs/assets/gazebo/plugins/build/CMakeFiles/CMakeTmp/CheckSymbolExists.c
Linking C executable cmTC_ecb6e
/usr/bin/cmake -E cmake_link_script CMakeFiles/cmTC_ecb6e.dir/link.txt --verbose=1
/usr/lib/ccache/cc      -rdynamic CMakeFiles/cmTC_ecb6e.dir/CheckSymbolExists.c.o  -o cmTC_ecb6e 
CMakeFiles/cmTC_ecb6e.dir/CheckSymbolExists.c.o: In function `main':
CheckSymbolExists.c:(.text+0x1b): undefined reference to `pthread_create'
collect2: error: ld returned 1 exit status
CMakeFiles/cmTC_ecb6e.dir/build.make:97: recipe for target 'cmTC_ecb6e' failed
make[1]: *** [cmTC_ecb6e] Error 1
make[1]: Leaving directory '/home/intigpu/DroneRL/gymfc/gymfc/envs/assets/gazebo/plugins/build/CMakeFiles/CMakeTmp'
Makefile:126: recipe for target 'cmTC_ecb6e/fast' failed
make: *** [cmTC_ecb6e/fast] Error 2

File /home/intigpu/DroneRL/gymfc/gymfc/envs/assets/gazebo/plugins/build/CMakeFiles/CMakeTmp/CheckSymbolExists.c:
/* */
#include <pthread.h>

int main(int argc, char** argv)
{
  (void)argv;
#ifndef pthread_create
  return ((int*)(&pthread_create))[argc];
#else
  (void)argc;
  return 0;
#endif
}

Determining if the function pthread_create exists in the pthreads failed with the following output:
Change Dir: /home/intigpu/DroneRL/gymfc/gymfc/envs/assets/gazebo/plugins/build/CMakeFiles/CMakeTmp

Run Build Command:"/usr/bin/make" "cmTC_02269/fast"
/usr/bin/make -f CMakeFiles/cmTC_02269.dir/build.make CMakeFiles/cmTC_02269.dir/build
make[1]: Entering directory '/home/intigpu/DroneRL/gymfc/gymfc/envs/assets/gazebo/plugins/build/CMakeFiles/CMakeTmp'
Building C object CMakeFiles/cmTC_02269.dir/CheckFunctionExists.c.o
/usr/lib/ccache/cc   -DCHECK_FUNCTION_EXISTS=pthread_create   -o CMakeFiles/cmTC_02269.dir/CheckFunctionExists.c.o   -c /usr/share/cmake-3.10/Modules/CheckFunctionExists.c
Linking C executable cmTC_02269
/usr/bin/cmake -E cmake_link_script CMakeFiles/cmTC_02269.dir/link.txt --verbose=1
/usr/lib/ccache/cc  -DCHECK_FUNCTION_EXISTS=pthread_create    -rdynamic CMakeFiles/cmTC_02269.dir/CheckFunctionExists.c.o  -o cmTC_02269 -lpthreads 
/usr/bin/ld: cannot find -lpthreads
collect2: error: ld returned 1 exit status
CMakeFiles/cmTC_02269.dir/build.make:97: recipe for target 'cmTC_02269' failed
make[1]: *** [cmTC_02269] Error 1
make[1]: Leaving directory '/home/intigpu/DroneRL/gymfc/gymfc/envs/assets/gazebo/plugins/build/CMakeFiles/CMakeTmp'
Makefile:126: recipe for target 'cmTC_02269/fast' failed
make: *** [cmTC_02269/fast] Error 2


