Determining if the pthread_create exist failed with the following output:
Change Dir: /home/puriqgpu/DroneRL/gymfc/examples/gymfc_nf/twins/nf1/plugins/build/CMakeFiles/CMakeTmp

Run Build Command:"/usr/bin/make" "cmTC_679fe/fast"
/usr/bin/make -f CMakeFiles/cmTC_679fe.dir/build.make CMakeFiles/cmTC_679fe.dir/build
make[1]: Entering directory '/home/puriqgpu/DroneRL/gymfc/examples/gymfc_nf/twins/nf1/plugins/build/CMakeFiles/CMakeTmp'
Building C object CMakeFiles/cmTC_679fe.dir/CheckSymbolExists.c.o
/usr/bin/cc    -o CMakeFiles/cmTC_679fe.dir/CheckSymbolExists.c.o   -c /home/puriqgpu/DroneRL/gymfc/examples/gymfc_nf/twins/nf1/plugins/build/CMakeFiles/CMakeTmp/CheckSymbolExists.c
Linking C executable cmTC_679fe
/usr/bin/cmake -E cmake_link_script CMakeFiles/cmTC_679fe.dir/link.txt --verbose=1
/usr/bin/cc      -rdynamic CMakeFiles/cmTC_679fe.dir/CheckSymbolExists.c.o  -o cmTC_679fe 
CMakeFiles/cmTC_679fe.dir/CheckSymbolExists.c.o: In function `main':
CheckSymbolExists.c:(.text+0x1b): undefined reference to `pthread_create'
collect2: error: ld returned 1 exit status
CMakeFiles/cmTC_679fe.dir/build.make:97: recipe for target 'cmTC_679fe' failed
make[1]: *** [cmTC_679fe] Error 1
make[1]: Leaving directory '/home/puriqgpu/DroneRL/gymfc/examples/gymfc_nf/twins/nf1/plugins/build/CMakeFiles/CMakeTmp'
Makefile:126: recipe for target 'cmTC_679fe/fast' failed
make: *** [cmTC_679fe/fast] Error 2

File /home/puriqgpu/DroneRL/gymfc/examples/gymfc_nf/twins/nf1/plugins/build/CMakeFiles/CMakeTmp/CheckSymbolExists.c:
/* */
#include <pthread.h>

int main(int argc, char** argv)
{
  (void)argv;
#ifndef pthread_create
  return ((int*)(&pthread_create))[argc];
#else
  (void)argc;
  return 0;
#endif
}

Determining if the function pthread_create exists in the pthreads failed with the following output:
Change Dir: /home/puriqgpu/DroneRL/gymfc/examples/gymfc_nf/twins/nf1/plugins/build/CMakeFiles/CMakeTmp

Run Build Command:"/usr/bin/make" "cmTC_6cdfd/fast"
/usr/bin/make -f CMakeFiles/cmTC_6cdfd.dir/build.make CMakeFiles/cmTC_6cdfd.dir/build
make[1]: Entering directory '/home/puriqgpu/DroneRL/gymfc/examples/gymfc_nf/twins/nf1/plugins/build/CMakeFiles/CMakeTmp'
Building C object CMakeFiles/cmTC_6cdfd.dir/CheckFunctionExists.c.o
/usr/bin/cc   -DCHECK_FUNCTION_EXISTS=pthread_create   -o CMakeFiles/cmTC_6cdfd.dir/CheckFunctionExists.c.o   -c /usr/share/cmake-3.10/Modules/CheckFunctionExists.c
Linking C executable cmTC_6cdfd
/usr/bin/cmake -E cmake_link_script CMakeFiles/cmTC_6cdfd.dir/link.txt --verbose=1
/usr/bin/cc  -DCHECK_FUNCTION_EXISTS=pthread_create    -rdynamic CMakeFiles/cmTC_6cdfd.dir/CheckFunctionExists.c.o  -o cmTC_6cdfd -lpthreads 
/usr/bin/ld: cannot find -lpthreads
collect2: error: ld returned 1 exit status
CMakeFiles/cmTC_6cdfd.dir/build.make:97: recipe for target 'cmTC_6cdfd' failed
make[1]: *** [cmTC_6cdfd] Error 1
make[1]: Leaving directory '/home/puriqgpu/DroneRL/gymfc/examples/gymfc_nf/twins/nf1/plugins/build/CMakeFiles/CMakeTmp'
Makefile:126: recipe for target 'cmTC_6cdfd/fast' failed
make: *** [cmTC_6cdfd/fast] Error 2


